Using pre-set license

 COMMAND LINE ARGUMENTS:
/Applications/Unity/Hub/Editor/2020.3.7f1/Unity.app/Contents/MacOS/Unity
-adb2
-batchMode
-noUpm
-name
AssetImportWorker1
-projectPath
/Users/magrena/Semester.3/SGV/SGV_Pro
-logFile
Logs/AssetImportWorker1.log
-srvPort
57748
Successfully changed project path to: /Users/magrena/Semester.3/SGV/SGV_Pro
/Users/magrena/Semester.3/SGV/SGV_Pro
Using Asset Import Pipeline V2.
Refreshing native plugins compatible for Editor in 52.99 ms, found 1 plugins.
Preloading 0 native plugins for Editor in 0.00 ms.
Initialize engine version: 2020.3.7f1 (dd97f2c94397)
[Subsystems] Discovering subsystems at path /Applications/Unity/Hub/Editor/2020.3.7f1/Unity.app/Contents/Resources/UnitySubsystems
[Subsystems] Discovering subsystems at path /Users/magrena/Semester.3/SGV/SGV_Pro/Assets
GfxDevice: creating device client; threaded=0
2021-06-14 03:03:11.017 Unity[45095:2581329] Color LCD preferred device: AMD Radeon Pro 5300M (high power)
2021-06-14 03:03:11.017 Unity[45095:2581329] Metal devices available: 2
2021-06-14 03:03:11.017 Unity[45095:2581329] 0: AMD Radeon Pro 5300M (high power)
2021-06-14 03:03:11.017 Unity[45095:2581329] 1: Intel(R) UHD Graphics 630 (low power)
2021-06-14 03:03:11.017 Unity[45095:2581329] Using device AMD Radeon Pro 5300M (high power)
Initializing Metal device caps: AMD Radeon Pro 5300M
Initialize mono
Mono path[0] = '/Applications/Unity/Hub/Editor/2020.3.7f1/Unity.app/Contents/Managed'
Mono path[1] = '/Applications/Unity/Hub/Editor/2020.3.7f1/Unity.app/Contents/MonoBleedingEdge/lib/mono/unityjit'
Mono config path = '/Applications/Unity/Hub/Editor/2020.3.7f1/Unity.app/Contents/MonoBleedingEdge/etc'
Using monoOptions --debugger-agent=transport=dt_socket,embedding=1,server=y,suspend=n,address=127.0.0.1:56095
Begin MonoManager ReloadAssembly
Registering precompiled unity dll's ...
Register platform support module: /Applications/Unity/Hub/Editor/2020.3.7f1/Unity.app/Contents/PlaybackEngines/MacStandaloneSupport/UnityEditor.OSXStandalone.Extensions.dll
Registered in 0.000509 seconds.
Native extension for OSXStandalone target not found
Refreshing native plugins compatible for Editor in 41.43 ms, found 1 plugins.
Preloading 0 native plugins for Editor in 0.00 ms.
Mono: successfully reloaded assembly
- Completed reload, in  2.453 seconds
Platform modules already initialized, skipping
Registering precompiled user dll's ...
Registered in 0.000765 seconds.
Begin MonoManager ReloadAssembly
Native extension for OSXStandalone target not found
Refreshing native plugins compatible for Editor in 49.47 ms, found 1 plugins.
Preloading 0 native plugins for Editor in 0.00 ms.
Mono: successfully reloaded assembly
- Completed reload, in  1.245 seconds
Platform modules already initialized, skipping
========================================================================
Worker process is ready to serve import requests
Shader 'Universal Render Pipeline/Particles/Lit': fallback shader 'Universal Render Pipeline/Particles/SimpleLit' not found
Shader 'Universal Render Pipeline/Particles/Lit': fallback shader 'Universal Render Pipeline/Particles/SimpleLit' not found
Launching external process: /Applications/Unity/Hub/Editor/2020.3.7f1/Unity.app/Contents/Tools/UnityShaderCompiler
Launched and connected shader compiler UnityShaderCompiler after 0.01 seconds
Refreshing native plugins compatible for Editor in 0.38 ms, found 1 plugins.
Preloading 0 native plugins for Editor in 0.00 ms.
Unloading 2477 Unused Serialized files (Serialized files now loaded: 0)
System memory in use before: 187.3 MB.
System memory in use after: 184.8 MB.

Unloading 45 unused Assets to reduce memory usage. Loaded Objects now: 2884.
Total: 3.823398 ms (FindLiveObjects: 0.241656 ms CreateObjectMapping: 0.131076 ms MarkObjects: 1.913084 ms  DeleteObjects: 1.536750 ms)

========================================================================
Received Prepare
Registering precompiled user dll's ...
Registered in 0.000727 seconds.
Begin MonoManager ReloadAssembly
Native extension for OSXStandalone target not found
Refreshing native plugins compatible for Editor in 0.49 ms, found 1 plugins.
Preloading 0 native plugins for Editor in 0.00 ms.
Mono: successfully reloaded assembly
- Completed reload, in  1.056 seconds
Platform modules already initialized, skipping
Shader 'Universal Render Pipeline/Particles/Lit': fallback shader 'Universal Render Pipeline/Particles/SimpleLit' not found
Shader 'Universal Render Pipeline/Particles/Lit': fallback shader 'Universal Render Pipeline/Particles/SimpleLit' not found
Refreshing native plugins compatible for Editor in 0.39 ms, found 1 plugins.
Preloading 0 native plugins for Editor in 0.00 ms.
Unloading 2390 Unused Serialized files (Serialized files now loaded: 0)
System memory in use before: 182.9 MB.
System memory in use after: 180.4 MB.

Unloading 40 unused Assets to reduce memory usage. Loaded Objects now: 2887.
Total: 3.688598 ms (FindLiveObjects: 0.259836 ms CreateObjectMapping: 0.117496 ms MarkObjects: 1.826961 ms  DeleteObjects: 1.483446 ms)

========================================================================
Received Import Request.
  path: Assets/Scripts/FollowCamera.cs
  artifactKey: Guid(80c237c13399449a5bc3c76512868ee8) Importer(815301076,1909f56bfc062723c751e8b465ee728b)
Start importing Assets/Scripts/FollowCamera.cs using Guid(80c237c13399449a5bc3c76512868ee8) Importer(815301076,1909f56bfc062723c751e8b465ee728b)  -> (artifact id: 'f4bfea8405dbcf9674784d7df94425f4') in 2.056998 seconds
  Import took 2.064292 seconds .

========================================================================
Received Prepare
Registering precompiled user dll's ...
Registered in 0.000812 seconds.
Begin MonoManager ReloadAssembly
Native extension for OSXStandalone target not found
Refreshing native plugins compatible for Editor in 0.42 ms, found 1 plugins.
Preloading 0 native plugins for Editor in 0.00 ms.
Mono: successfully reloaded assembly
- Completed reload, in  1.075 seconds
Platform modules already initialized, skipping
Shader 'Universal Render Pipeline/Particles/Lit': fallback shader 'Universal Render Pipeline/Particles/SimpleLit' not found
Shader 'Universal Render Pipeline/Particles/Lit': fallback shader 'Universal Render Pipeline/Particles/SimpleLit' not found
Refreshing native plugins compatible for Editor in 0.41 ms, found 1 plugins.
Preloading 0 native plugins for Editor in 0.00 ms.
Unloading 2390 Unused Serialized files (Serialized files now loaded: 0)
System memory in use before: 187.5 MB.
System memory in use after: 185.0 MB.

Unloading 40 unused Assets to reduce memory usage. Loaded Objects now: 2890.
Total: 3.997490 ms (FindLiveObjects: 0.278720 ms CreateObjectMapping: 0.119180 ms MarkObjects: 1.963977 ms  DeleteObjects: 1.634320 ms)

========================================================================
Received Prepare
Registering precompiled user dll's ...
Registered in 0.000854 seconds.
Begin MonoManager ReloadAssembly
Native extension for OSXStandalone target not found
Refreshing native plugins compatible for Editor in 0.39 ms, found 1 plugins.
Preloading 0 native plugins for Editor in 0.00 ms.
Mono: successfully reloaded assembly
- Completed reload, in  0.976 seconds
Platform modules already initialized, skipping
Shader 'Universal Render Pipeline/Particles/Lit': fallback shader 'Universal Render Pipeline/Particles/SimpleLit' not found
Shader 'Universal Render Pipeline/Particles/Lit': fallback shader 'Universal Render Pipeline/Particles/SimpleLit' not found
Refreshing native plugins compatible for Editor in 0.37 ms, found 1 plugins.
Preloading 0 native plugins for Editor in 0.00 ms.
Unloading 2390 Unused Serialized files (Serialized files now loaded: 0)
System memory in use before: 187.8 MB.
System memory in use after: 185.3 MB.

Unloading 40 unused Assets to reduce memory usage. Loaded Objects now: 2893.
Total: 3.765470 ms (FindLiveObjects: 0.269990 ms CreateObjectMapping: 0.106637 ms MarkObjects: 1.724902 ms  DeleteObjects: 1.662560 ms)

AssetImportWorkerClient::OnTransportError - code=2 error=End of file
